<?xml version="1.0" encoding="UTF-8"?>
<!-- Generated by org.testng.reporters.JUnitReportReporter -->
<testsuite hostname="Dineshs-MacBook-Air.local" failures="0" tests="1" name="amazonTestCases.TestLoginPageBrokenLinks" time="64.404" errors="0" timestamp="2021-04-13T12:36:35 IST" skipped="0">
  <testcase classname="amazonTestCases.TestLoginPageBrokenLinks" name="verifyLoginPageBrokenLinks" time="64.404"/>
  <system-out/>
</testsuite> <!-- amazonTestCases.TestLoginPageBrokenLinks -->
