<?xml version="1.0" encoding="UTF-8"?>
<!-- Generated by org.testng.reporters.JUnitReportReporter -->
<testsuite hostname="Dineshs-MacBook-Air.local" failures="0" tests="1" name="amazonTestCases.CEshop" time="64.280" errors="0" timestamp="2021-04-09T15:26:14 IST" skipped="0">
  <testcase classname="amazonTestCases.CEshop" name="verifyApplyCredits" time="64.280"/>
  <system-out/>
</testsuite> <!-- amazonTestCases.CEshop -->
