<?xml version="1.0" encoding="UTF-8"?>
<!-- Generated by org.testng.reporters.JUnitReportReporter -->
<testsuite hostname="Dineshs-Air" failures="0" tests="2" name="amazonTestCases.TestSignIn" time="77.659" errors="0" timestamp="2021-01-17T20:16:11 IST" skipped="0">
  <testcase classname="amazonTestCases.TestSignIn" name="ValidateTestSignInFail" time="25.347"/>
  <system-out/>
  <testcase classname="amazonTestCases.TestSignIn" name="ValidateTestSignIn" time="52.312"/>
  <system-out/>
</testsuite> <!-- amazonTestCases.TestSignIn -->
